<?xml version="1.0" encoding="UTF-8"?>
<testsuite xmlns:xsi="http://www.w3.org/2001/XMLSchema-instance" xsi:noNamespaceSchemaLocation="https://maven.apache.org/surefire/maven-surefire-plugin/xsd/surefire-test-report.xsd" name="TestSuite" time="84.009" tests="1" errors="0" skipped="0" failures="1">
  <properties>
    <property name="gopherProxySet" value="false"/>
    <property name="awt.toolkit" value="sun.lwawt.macosx.LWCToolkit"/>
    <property name="file.encoding.pkg" value="sun.io"/>
    <property name="java.specification.version" value="1.8"/>
    <property name="sun.cpu.isalist" value=""/>
    <property name="sun.jnu.encoding" value="UTF-8"/>
    <property name="java.class.path" value="/Users/vaibhav_singh17/eclipse/java-mars/Eclipse.app/Contents/MacOS/../../../../../.p2/pool/plugins/org.eclipse.m2e.maven.runtime_1.6.3.20160209-1444/jars/plexus-classworlds-2.5.2.jar"/>
    <property name="java.vm.vendor" value="Oracle Corporation"/>
    <property name="sun.arch.data.model" value="64"/>
    <property name="java.vendor.url" value="http://java.oracle.com/"/>
    <property name="user.timezone" value="Asia/Kolkata"/>
    <property name="user.country.format" value="IN"/>
    <property name="os.name" value="Mac OS X"/>
    <property name="java.vm.specification.version" value="1.8"/>
    <property name="user.country" value="US"/>
    <property name="sun.java.launcher" value="SUN_STANDARD"/>
    <property name="sun.boot.library.path" value="/Library/Java/JavaVirtualMachines/jdk1.8.0_77.jdk/Contents/Home/jre/lib"/>
    <property name="sun.java.command" value="org.codehaus.plexus.classworlds.launcher.Launcher -B test"/>
    <property name="maven.home" value="/Users/vaibhav_singh17/eclipse/java-mars/Eclipse.app/Contents/MacOS/EBayAssignmentWS/ebay_native/EMBEDDED"/>
    <property name="surefire.test.class.path" value="/Users/vaibhav_singh17/eclipse/java-mars/Eclipse.app/Contents/MacOS/EBayAssignmentWS/ebay_native/build/classes:/Users/vaibhav_singh17/eclipse/java-mars/Eclipse.app/Contents/MacOS/EBayAssignmentWS/ebay_native/build/classes:/Users/vaibhav_singh17/.m2/repository/org/seleniumhq/selenium/selenium-java/3.11.0/selenium-java-3.11.0.jar:/Users/vaibhav_singh17/.m2/repository/org/seleniumhq/selenium/selenium-api/3.11.0/selenium-api-3.11.0.jar:/Users/vaibhav_singh17/.m2/repository/org/seleniumhq/selenium/selenium-chrome-driver/3.11.0/selenium-chrome-driver-3.11.0.jar:/Users/vaibhav_singh17/.m2/repository/org/seleniumhq/selenium/selenium-edge-driver/3.11.0/selenium-edge-driver-3.11.0.jar:/Users/vaibhav_singh17/.m2/repository/org/seleniumhq/selenium/selenium-firefox-driver/3.11.0/selenium-firefox-driver-3.11.0.jar:/Users/vaibhav_singh17/.m2/repository/org/seleniumhq/selenium/selenium-ie-driver/3.11.0/selenium-ie-driver-3.11.0.jar:/Users/vaibhav_singh17/.m2/repository/org/seleniumhq/selenium/selenium-opera-driver/3.11.0/selenium-opera-driver-3.11.0.jar:/Users/vaibhav_singh17/.m2/repository/org/seleniumhq/selenium/selenium-remote-driver/3.11.0/selenium-remote-driver-3.11.0.jar:/Users/vaibhav_singh17/.m2/repository/org/seleniumhq/selenium/selenium-safari-driver/3.11.0/selenium-safari-driver-3.11.0.jar:/Users/vaibhav_singh17/.m2/repository/org/seleniumhq/selenium/selenium-support/3.11.0/selenium-support-3.11.0.jar:/Users/vaibhav_singh17/.m2/repository/net/bytebuddy/byte-buddy/1.7.9/byte-buddy-1.7.9.jar:/Users/vaibhav_singh17/.m2/repository/org/apache/commons/commons-exec/1.3/commons-exec-1.3.jar:/Users/vaibhav_singh17/.m2/repository/commons-codec/commons-codec/1.10/commons-codec-1.10.jar:/Users/vaibhav_singh17/.m2/repository/commons-logging/commons-logging/1.2/commons-logging-1.2.jar:/Users/vaibhav_singh17/.m2/repository/com/google/guava/guava/23.6-jre/guava-23.6-jre.jar:/Users/vaibhav_singh17/.m2/repository/com/google/code/findbugs/jsr305/1.3.9/jsr305-1.3.9.jar:/Users/vaibhav_singh17/.m2/repository/org/checkerframework/checker-compat-qual/2.0.0/checker-compat-qual-2.0.0.jar:/Users/vaibhav_singh17/.m2/repository/com/google/errorprone/error_prone_annotations/2.1.3/error_prone_annotations-2.1.3.jar:/Users/vaibhav_singh17/.m2/repository/com/google/j2objc/j2objc-annotations/1.1/j2objc-annotations-1.1.jar:/Users/vaibhav_singh17/.m2/repository/org/codehaus/mojo/animal-sniffer-annotations/1.14/animal-sniffer-annotations-1.14.jar:/Users/vaibhav_singh17/.m2/repository/org/apache/httpcomponents/httpclient/4.5.3/httpclient-4.5.3.jar:/Users/vaibhav_singh17/.m2/repository/org/apache/httpcomponents/httpcore/4.4.6/httpcore-4.4.6.jar:/Users/vaibhav_singh17/.m2/repository/com/squareup/okhttp3/okhttp/3.9.1/okhttp-3.9.1.jar:/Users/vaibhav_singh17/.m2/repository/com/squareup/okio/okio/1.13.0/okio-1.13.0.jar:/Users/vaibhav_singh17/.m2/repository/org/seleniumhq/selenium/selenium-server/3.11.0/selenium-server-3.11.0.jar:/Users/vaibhav_singh17/.m2/repository/com/beust/jcommander/1.72/jcommander-1.72.jar:/Users/vaibhav_singh17/.m2/repository/org/apache/commons/commons-lang3/3.7/commons-lang3-3.7.jar:/Users/vaibhav_singh17/.m2/repository/org/apache/commons/commons-text/1.1/commons-text-1.1.jar:/Users/vaibhav_singh17/.m2/repository/commons-io/commons-io/2.6/commons-io-2.6.jar:/Users/vaibhav_singh17/.m2/repository/commons-net/commons-net/3.6/commons-net-3.6.jar:/Users/vaibhav_singh17/.m2/repository/org/w3c/css/sac/1.3/sac-1.3.jar:/Users/vaibhav_singh17/.m2/repository/net/sourceforge/cssparser/cssparser/0.9.24/cssparser-0.9.24.jar:/Users/vaibhav_singh17/.m2/repository/net/sourceforge/htmlunit/htmlunit/2.29/htmlunit-2.29.jar:/Users/vaibhav_singh17/.m2/repository/net/sourceforge/htmlunit/htmlunit-core-js/2.28/htmlunit-core-js-2.28.jar:/Users/vaibhav_singh17/.m2/repository/net/sourceforge/htmlunit/neko-htmlunit/2.28/neko-htmlunit-2.28.jar:/Users/vaibhav_singh17/.m2/repository/org/apache/httpcomponents/httpmime/4.5.3/httpmime-4.5.3.jar:/Users/vaibhav_singh17/.m2/repository/net/jcip/jcip-annotations/1.0/jcip-annotations-1.0.jar:/Users/vaibhav_singh17/.m2/repository/org/seleniumhq/selenium/jetty-repacked/9.4.7.v20171121/jetty-repacked-9.4.7.v20171121.jar:/Users/vaibhav_singh17/.m2/repository/org/eclipse/jetty/jetty-client/9.4.7.v20170914/jetty-client-9.4.7.v20170914.jar:/Users/vaibhav_singh17/.m2/repository/org/eclipse/jetty/jetty-http/9.4.8.v20171121/jetty-http-9.4.8.v20171121.jar:/Users/vaibhav_singh17/.m2/repository/org/eclipse/jetty/jetty-io/9.4.8.v20171121/jetty-io-9.4.8.v20171121.jar:/Users/vaibhav_singh17/.m2/repository/org/eclipse/jetty/jetty-util/9.4.8.v20171121/jetty-util-9.4.8.v20171121.jar:/Users/vaibhav_singh17/.m2/repository/org/eclipse/jetty/jetty-xml/9.4.7.v20170914/jetty-xml-9.4.7.v20170914.jar:/Users/vaibhav_singh17/.m2/repository/org/seleniumhq/selenium/htmlunit-driver/2.29.0/htmlunit-driver-2.29.0.jar:/Users/vaibhav_singh17/.m2/repository/javax/servlet/javax.servlet-api/3.1.0/javax.servlet-api-3.1.0.jar:/Users/vaibhav_singh17/.m2/repository/org/eclipse/jetty/websocket/websocket-api/9.4.7.v20170914/websocket-api-9.4.7.v20170914.jar:/Users/vaibhav_singh17/.m2/repository/org/eclipse/jetty/websocket/websocket-client/9.4.7.v20170914/websocket-client-9.4.7.v20170914.jar:/Users/vaibhav_singh17/.m2/repository/org/eclipse/jetty/websocket/websocket-common/9.4.7.v20170914/websocket-common-9.4.7.v20170914.jar:/Users/vaibhav_singh17/.m2/repository/xalan/serializer/2.7.2/serializer-2.7.2.jar:/Users/vaibhav_singh17/.m2/repository/xalan/xalan/2.7.2/xalan-2.7.2.jar:/Users/vaibhav_singh17/.m2/repository/xerces/xercesImpl/2.11.0/xercesImpl-2.11.0.jar:/Users/vaibhav_singh17/.m2/repository/xml-apis/xml-apis/1.4.01/xml-apis-1.4.01.jar:/Users/vaibhav_singh17/.m2/repository/org/yaml/snakeyaml/1.19/snakeyaml-1.19.jar:/Users/vaibhav_singh17/.m2/repository/org/testng/testng/6.9.8/testng-6.9.8.jar:/Users/vaibhav_singh17/.m2/repository/org/beanshell/bsh/2.0b4/bsh-2.0b4.jar:/Users/vaibhav_singh17/.m2/repository/com/google/code/gson/gson/2.8.2/gson-2.8.2.jar:/Users/vaibhav_singh17/.m2/repository/io/appium/java-client/5.0.4/java-client-5.0.4.jar:/Users/vaibhav_singh17/.m2/repository/cglib/cglib/3.2.5/cglib-3.2.5.jar:/Users/vaibhav_singh17/.m2/repository/org/ow2/asm/asm/5.2/asm-5.2.jar:/Users/vaibhav_singh17/.m2/repository/org/apache/ant/ant/1.9.6/ant-1.9.6.jar:/Users/vaibhav_singh17/.m2/repository/org/apache/ant/ant-launcher/1.9.6/ant-launcher-1.9.6.jar:/Users/vaibhav_singh17/.m2/repository/commons-validator/commons-validator/1.6/commons-validator-1.6.jar:/Users/vaibhav_singh17/.m2/repository/commons-beanutils/commons-beanutils/1.9.2/commons-beanutils-1.9.2.jar:/Users/vaibhav_singh17/.m2/repository/commons-digester/commons-digester/1.8.1/commons-digester-1.8.1.jar:/Users/vaibhav_singh17/.m2/repository/commons-collections/commons-collections/3.2.2/commons-collections-3.2.2.jar:/Users/vaibhav_singh17/.m2/repository/org/springframework/spring-context/5.0.0.RELEASE/spring-context-5.0.0.RELEASE.jar:/Users/vaibhav_singh17/.m2/repository/org/springframework/spring-aop/5.0.0.RELEASE/spring-aop-5.0.0.RELEASE.jar:/Users/vaibhav_singh17/.m2/repository/org/springframework/spring-beans/5.0.0.RELEASE/spring-beans-5.0.0.RELEASE.jar:/Users/vaibhav_singh17/.m2/repository/org/springframework/spring-core/5.0.0.RELEASE/spring-core-5.0.0.RELEASE.jar:/Users/vaibhav_singh17/.m2/repository/org/springframework/spring-jcl/5.0.0.RELEASE/spring-jcl-5.0.0.RELEASE.jar:/Users/vaibhav_singh17/.m2/repository/org/springframework/spring-expression/5.0.0.RELEASE/spring-expression-5.0.0.RELEASE.jar:/Users/vaibhav_singh17/.m2/repository/org/aspectj/aspectjweaver/1.8.11/aspectjweaver-1.8.11.jar:/Users/vaibhav_singh17/.m2/repository/org/openpnp/opencv/3.2.0-1/opencv-3.2.0-1.jar:/Users/vaibhav_singh17/.m2/repository/org/apache/maven/surefire/surefire-testng-utils/2.21.0/surefire-testng-utils-2.21.0.jar:/Users/vaibhav_singh17/.m2/repository/org/apache/maven/surefire/surefire-grouper/2.21.0/surefire-grouper-2.21.0.jar:"/>
    <property name="sun.cpu.endian" value="little"/>
    <property name="user.home" value="/Users/vaibhav_singh17"/>
    <property name="user.language" value="en"/>
    <property name="java.specification.vendor" value="Oracle Corporation"/>
    <property name="java.home" value="/Library/Java/JavaVirtualMachines/jdk1.8.0_77.jdk/Contents/Home/jre"/>
    <property name="basedir" value="/Users/vaibhav_singh17/eclipse/java-mars/Eclipse.app/Contents/MacOS/EBayAssignmentWS/ebay_native"/>
    <property name="file.separator" value="/"/>
    <property name="line.separator" value="&#10;"/>
    <property name="java.vm.specification.vendor" value="Oracle Corporation"/>
    <property name="java.specification.name" value="Java Platform API Specification"/>
    <property name="java.awt.graphicsenv" value="sun.awt.CGraphicsEnvironment"/>
    <property name="sun.boot.class.path" value="/Library/Java/JavaVirtualMachines/jdk1.8.0_77.jdk/Contents/Home/jre/lib/resources.jar:/Library/Java/JavaVirtualMachines/jdk1.8.0_77.jdk/Contents/Home/jre/lib/rt.jar:/Library/Java/JavaVirtualMachines/jdk1.8.0_77.jdk/Contents/Home/jre/lib/sunrsasign.jar:/Library/Java/JavaVirtualMachines/jdk1.8.0_77.jdk/Contents/Home/jre/lib/jsse.jar:/Library/Java/JavaVirtualMachines/jdk1.8.0_77.jdk/Contents/Home/jre/lib/jce.jar:/Library/Java/JavaVirtualMachines/jdk1.8.0_77.jdk/Contents/Home/jre/lib/charsets.jar:/Library/Java/JavaVirtualMachines/jdk1.8.0_77.jdk/Contents/Home/jre/lib/jfr.jar:/Library/Java/JavaVirtualMachines/jdk1.8.0_77.jdk/Contents/Home/jre/classes"/>
    <property name="sun.management.compiler" value="HotSpot 64-Bit Tiered Compilers"/>
    <property name="java.runtime.version" value="1.8.0_77-b03"/>
    <property name="user.name" value="vaibhav_singh17"/>
    <property name="path.separator" value=":"/>
    <property name="os.version" value="10.12.5"/>
    <property name="java.endorsed.dirs" value="/Library/Java/JavaVirtualMachines/jdk1.8.0_77.jdk/Contents/Home/jre/lib/endorsed"/>
    <property name="java.runtime.name" value="Java(TM) SE Runtime Environment"/>
    <property name="file.encoding" value="UTF-8"/>
    <property name="guice.disable.misplaced.annotation.check" value="true"/>
    <property name="java.vm.name" value="Java HotSpot(TM) 64-Bit Server VM"/>
    <property name="localRepository" value="/Users/vaibhav_singh17/.m2/repository"/>
    <property name="java.vendor.url.bug" value="http://bugreport.sun.com/bugreport/"/>
    <property name="java.io.tmpdir" value="/var/folders/57/3t95lx7x17z5qsvwzmm58bxr0000gr/T/"/>
    <property name="java.version" value="1.8.0_77"/>
    <property name="user.dir" value="/Users/vaibhav_singh17/eclipse/java-mars/Eclipse.app/Contents/MacOS/EBayAssignmentWS/ebay_native"/>
    <property name="os.arch" value="x86_64"/>
    <property name="maven.multiModuleProjectDirectory" value="/Users/vaibhav_singh17/eclipse/java-mars/Eclipse.app/Contents/MacOS/EBayAssignmentWS/ebay_native"/>
    <property name="java.vm.specification.name" value="Java Virtual Machine Specification"/>
    <property name="java.awt.printerjob" value="sun.lwawt.macosx.CPrinterJob"/>
    <property name="sun.os.patch.level" value="unknown"/>
    <property name="java.library.path" value="/Users/vaibhav_singh17/Library/Java/Extensions:/Library/Java/Extensions:/Network/Library/Java/Extensions:/System/Library/Java/Extensions:/usr/lib/java:."/>
    <property name="java.vm.info" value="mixed mode"/>
    <property name="java.vendor" value="Oracle Corporation"/>
    <property name="java.vm.version" value="25.77-b03"/>
    <property name="classworlds.conf" value="/Users/vaibhav_singh17/eclipse/java-mars/Eclipse.app/Contents/MacOS/EBayAssignmentWS/.metadata/.plugins/org.eclipse.m2e.launching/launches/m2conf3204414448281260700.tmp"/>
    <property name="java.ext.dirs" value="/Users/vaibhav_singh17/Library/Java/Extensions:/Library/Java/JavaVirtualMachines/jdk1.8.0_77.jdk/Contents/Home/jre/lib/ext:/Library/Java/Extensions:/Network/Library/Java/Extensions:/System/Library/Java/Extensions:/usr/lib/java"/>
    <property name="sun.io.unicode.encoding" value="UnicodeBig"/>
    <property name="java.class.version" value="52.0"/>
  </properties>
  <testcase name="RegisteredUser_CheckoutFlow" classname="test.CheckoutTest" time="82.305">
    <failure message="An element could not be located on the page using the given search parameters. (WARNING: The server did not provide any stacktrace information)&#10;Command duration or timeout: 0 milliseconds&#10;For documentation on this error, please visit: http://seleniumhq.org/exceptions/no_such_element.html&#10;Build info: version: &apos;3.11.0&apos;, revision: &apos;e59cfb3&apos;, time: &apos;2018-03-11T20:26:55.152Z&apos;&#10;System info: host: &apos;CHDSEZ3335D&apos;, ip: &apos;10.64.108.240&apos;, os.name: &apos;Mac OS X&apos;, os.arch: &apos;x86_64&apos;, os.version: &apos;10.12.5&apos;, java.version: &apos;1.8.0_77&apos;&#10;Driver info: io.appium.java_client.android.AndroidDriver&#10;Capabilities {app: /Users/vaibhav_singh17/ecli..., automationName: uiautomator2, deviceName: Pixel, javascriptEnabled: true, platform: ANDROID, platformName: ANDROID, platformVersion: 7.0}&#10;Session ID: 4b1c58c1-9954-4d92-9a4a-48a3d01499ef&#10;*** Element info: {Using=id, value=com.ebay.mobile:id/search_box}" type="org.openqa.selenium.NoSuchElementException">org.openqa.selenium.NoSuchElementException: 
An element could not be located on the page using the given search parameters. (WARNING: The server did not provide any stacktrace information)
Command duration or timeout: 0 milliseconds
For documentation on this error, please visit: http://seleniumhq.org/exceptions/no_such_element.html
Build info: version: '3.11.0', revision: 'e59cfb3', time: '2018-03-11T20:26:55.152Z'
System info: host: 'CHDSEZ3335D', ip: '10.64.108.240', os.name: 'Mac OS X', os.arch: 'x86_64', os.version: '10.12.5', java.version: '1.8.0_77'
Driver info: io.appium.java_client.android.AndroidDriver
Capabilities {app: /Users/vaibhav_singh17/ecli..., automationName: uiautomator2, deviceName: Pixel, javascriptEnabled: true, platform: ANDROID, platformName: ANDROID, platformVersion: 7.0}
Session ID: 4b1c58c1-9954-4d92-9a4a-48a3d01499ef
*** Element info: {Using=id, value=com.ebay.mobile:id/search_box}
	at test.CheckoutTest.RegisteredUser_CheckoutFlow(CheckoutTest.java:21)
</failure>
    <system-out><![CDATA[ Tue May 08 20:07:24 IST 2018 Execeution Started : Test
 Tue May 08 20:07:24 IST 2018 Test Started : RegisteredUser_CheckoutFlow
Click on "Hamburger button in home screen"
Click on "Sign in button in hamburger menu"
Click on "Sign in button in hamburger menu"
<?xml version="1.0" encoding="UTF-8"?><hierarchy rotation="0"><android.widget.FrameLayout index="0" text="" class="android.widget.FrameLayout" package="com.ebay.mobile" content-desc="" checkable="false" checked="false" clickable="false" enabled="true" focusable="false" focused="false" scrollable="false" long-clickable="false" password="false" selected="false" bounds="[28,701][1052,1280]" resource-id="" instance="0"><android.widget.LinearLayout index="0" text="" class="android.widget.LinearLayout" package="com.ebay.mobile" content-desc="" checkable="false" checked="false" clickable="false" enabled="true" focusable="false" focused="false" scrollable="false" long-clickable="false" password="false" selected="false" bounds="[68,741][1012,1240]" resource-id="" instance="0"><android.widget.FrameLayout index="0" text="" class="android.widget.FrameLayout" package="com.ebay.mobile" content-desc="" checkable="false" checked="false" clickable="false" enabled="true" focusable="false" focused="false" scrollable="false" long-clickable="false" password="false" selected="false" bounds="[68,741][1012,1240]" resource-id="" instance="1"><android.widget.FrameLayout index="0" text="" class="android.widget.FrameLayout" package="com.ebay.mobile" content-desc="" checkable="false" checked="false" clickable="false" enabled="true" focusable="false" focused="false" scrollable="false" long-clickable="false" password="false" selected="false" bounds="[68,741][1012,1240]" resource-id="com.ebay.mobile:id/action_bar_root" instance="2"><android.widget.FrameLayout index="0" text="" class="android.widget.FrameLayout" package="com.ebay.mobile" content-desc="" checkable="false" checked="false" clickable="false" enabled="true" focusable="false" focused="false" scrollable="false" long-clickable="false" password="false" selected="false" bounds="[68,741][1012,1240]" resource-id="android:id/content" instance="3"><android.support.v7.widget.LinearLayoutCompat index="0" text="" class="android.support.v7.widget.LinearLayoutCompat" package="com.ebay.mobile" content-desc="" checkable="false" checked="false" clickable="false" enabled="true" focusable="false" focused="false" scrollable="false" long-clickable="false" password="false" selected="false" bounds="[68,741][1012,1240]" resource-id="com.ebay.mobile:id/parentPanel" instance="0"><android.widget.LinearLayout index="0" text="" class="android.widget.LinearLayout" package="com.ebay.mobile" content-desc="" checkable="false" checked="false" clickable="false" enabled="true" focusable="false" focused="false" scrollable="false" long-clickable="false" password="false" selected="false" bounds="[68,741][1012,845]" resource-id="com.ebay.mobile:id/topPanel" instance="1"><android.widget.LinearLayout index="0" text="" class="android.widget.LinearLayout" package="com.ebay.mobile" content-desc="" checkable="false" checked="false" clickable="false" enabled="true" focusable="false" focused="false" scrollable="false" long-clickable="false" password="false" selected="false" bounds="[68,741][1012,845]" resource-id="com.ebay.mobile:id/title_template" instance="2"><android.widget.TextView index="0" text="Fingerprint sign in" class="android.widget.TextView" package="com.ebay.mobile" content-desc="" checkable="false" checked="false" clickable="false" enabled="true" focusable="false" focused="false" scrollable="false" long-clickable="false" password="false" selected="false" bounds="[129,787][951,845]" resource-id="com.ebay.mobile:id/alertTitle" instance="0"/></android.widget.LinearLayout></android.widget.LinearLayout><android.widget.FrameLayout index="1" text="" class="android.widget.FrameLayout" package="com.ebay.mobile" content-desc="" checkable="false" checked="false" clickable="false" enabled="true" focusable="false" focused="false" scrollable="false" long-clickable="false" password="false" selected="false" bounds="[68,845][1012,1082]" resource-id="com.ebay.mobile:id/customPanel" instance="4"><android.widget.FrameLayout index="0" text="" class="android.widget.FrameLayout" package="com.ebay.mobile" content-desc="" checkable="false" checked="false" clickable="false" enabled="true" focusable="false" focused="false" scrollable="false" long-clickable="false" password="false" selected="false" bounds="[68,845][1012,1082]" resource-id="com.ebay.mobile:id/custom" instance="5"><android.widget.RelativeLayout index="0" text="" class="android.widget.RelativeLayout" package="com.ebay.mobile" content-desc="" checkable="false" checked="false" clickable="false" enabled="true" focusable="false" focused="false" scrollable="false" long-clickable="false" password="false" selected="false" bounds="[68,845][1012,1082]" resource-id="com.ebay.mobile:id/fingerprint_container" instance="0"><android.widget.TextView index="0" text="Turn on Fingerprint sign in?" class="android.widget.TextView" package="com.ebay.mobile" content-desc="" checkable="false" checked="false" clickable="false" enabled="true" focusable="false" focused="false" scrollable="false" long-clickable="false" password="false" selected="false" bounds="[129,886][554,933]" resource-id="com.ebay.mobile:id/fingerprint_question" instance="1"/><android.widget.TextView index="1" text="Anyone with a fingerprint stored on this device would be able to sign in to this account." class="android.widget.TextView" package="com.ebay.mobile" content-desc="" checkable="false" checked="false" clickable="false" enabled="true" focusable="false" focused="false" scrollable="false" long-clickable="false" password="false" selected="false" bounds="[129,933][951,1062]" resource-id="com.ebay.mobile:id/fingerprint_status" instance="2"/></android.widget.RelativeLayout></android.widget.FrameLayout></android.widget.FrameLayout><android.widget.ScrollView index="2" text="" class="android.widget.ScrollView" package="com.ebay.mobile" content-desc="" checkable="false" checked="false" clickable="false" enabled="true" focusable="true" focused="false" scrollable="false" long-clickable="false" password="false" selected="false" bounds="[68,1082][1012,1240]" resource-id="com.ebay.mobile:id/buttonPanel" instance="0"><android.widget.LinearLayout index="0" text="" class="android.widget.LinearLayout" package="com.ebay.mobile" content-desc="" checkable="false" checked="false" clickable="false" enabled="true" focusable="false" focused="false" scrollable="false" long-clickable="false" password="false" selected="false" bounds="[68,1082][1012,1240]" resource-id="" instance="3"><android.widget.Button index="0" text="MAYBE LATER" class="android.widget.Button" package="com.ebay.mobile" content-desc="" checkable="false" checked="false" clickable="true" enabled="true" focusable="true" focused="false" scrollable="false" long-clickable="false" password="false" selected="false" bounds="[482,1092][734,1230]" resource-id="android:id/button2" instance="0"/><android.widget.Button index="1" text="YES TURN ON" class="android.widget.Button" package="com.ebay.mobile" content-desc="" checkable="false" checked="false" clickable="true" enabled="true" focusable="true" focused="false" scrollable="false" long-clickable="false" password="false" selected="false" bounds="[734,1092][981,1230]" resource-id="android:id/button1" instance="1"/></android.widget.LinearLayout></android.widget.ScrollView></android.support.v7.widget.LinearLayoutCompat></android.widget.FrameLayout></android.widget.FrameLayout></android.widget.FrameLayout></android.widget.LinearLayout></android.widget.FrameLayout></hierarchy>
]]></system-out>
    <system-err><![CDATA[May 08, 2018 8:07:58 PM org.openqa.selenium.remote.ProtocolHandshake createSession
INFO: Detected dialect: OSS
]]></system-err>
  </testcase>
</testsuite>